time;Rg;An;E;Tleaf
2009-07-29 00:00:00;0.0;-1.7693114358628546;50.39583133276544;20.406214297499446
2009-07-29 01:00:00;0.0;-1.7150616579509623;46.394825105407776;19.853944247379104
2009-07-29 02:00:00;0.0;-1.5530095746803045;40.043162916224894;18.473311324891682
2009-07-29 03:00:00;0.0;-1.524352039637836;40.90873590110566;18.127037348282272
2009-07-29 04:00:00;0.0;-1.4907759049538494;40.14716933682806;17.75524236657617
2009-07-29 05:00:00;0.0;-1.4112539802960744;35.30124126029514;16.985804764481315
2009-07-29 06:00:00;1.2143343936909143;-1.0020188154799474;42.76400973387832;16.962093536127696
2009-07-29 07:00:00;38.14036470495231;8.697417146950432;72.94805725808541;15.236674388756882
2009-07-29 08:00:00;118.52106952234735;18.131112947592065;240.96541247408194;21.169911331164712
2009-07-29 09:00:00;140.40835663724945;16.757622534439058;256.2730790922302;25.481252001330347
2009-07-29 10:00:00;146.08165077887926;14.724703483061461;255.27164517028066;27.9202560082241
2009-07-29 11:00:00;139.59890654372467;12.317492421105927;243.32955679553316;29.722090820263077
2009-07-29 12:00:00;141.32187190886577;10.74172350028575;231.76234671685754;30.75779861734813
2009-07-29 13:00:00;151.94199484989682;10.368617651953244;224.8895508985156;31.377937870792493
2009-07-29 14:00:00;164.81328144002575;8.353129955577431;217.17011246422743;32.89282314922582
2009-07-29 15:00:00;170.16955055094482;7.729188458047313;205.1105787482147;33.134117330942956
2009-07-29 16:00:00;155.5045016836042;8.51111438747715;196.7256036749259;32.861331102338454
2009-07-29 17:00:00;127.10599071614084;9.05349209665886;186.54598071830543;32.640547571883445
2009-07-29 18:00:00;88.64074807899989;10.693229867382012;178.34161822126146;31.598462267170675
2009-07-29 19:00:00;40.974929684737795;6.474562336378774;156.19342974494919;29.705044595140464
2009-07-29 20:00:00;9.554047974689768;0.0031279789063808905;118.68061124514062;27.757719509382383
2009-07-29 21:00:00;0.0;-2.348296967723178;68.86508156289271;24.802323651886752
2009-07-29 22:00:00;0.0;-2.181505387408097;61.94940091951903;23.53457402666811
2009-07-29 23:00:00;0.0;-2.0691966775278194;57.12126312591694;22.70863238234682
2009-07-30 00:00:00;0.0;-2.0014321928489136;54.586866093076324;22.190087266709412
2009-07-30 01:00:00;0.0;-1.9738171161117841;53.745931483077435;21.971816985854844
2009-07-30 02:00:00;0.0;-2.1755538181168017;67.14155851194877;23.480240840619075
2009-07-30 03:00:00;0.0;-2.2087490120117543;71.88483729090376;23.719361985897763
2009-07-30 04:00:00;0.0;-2.0666981924778973;69.03247813689208;22.631003757322304
2009-07-30 05:00:00;0.0;-1.9807029686645503;68.62530842942445;21.97040981405692
2009-07-30 06:00:00;0.8701616222619027;-1.5765611384017741;69.47616090955654;21.04225797952961
2009-07-30 07:00:00;39.997881823252214;7.7521044325087445;129.80945936308322;20.575236741634143
2009-07-30 08:00:00;126.59825628959234;14.701875868399528;150.05975631014303;23.336797455203765
2009-07-30 09:00:00;154.64242235474623;13.680945527470264;166.16416247555404;26.780296623227457
2009-07-30 10:00:00;145.80215572341913;10.692653295711247;178.03447823281365;29.45798165259984
2009-07-30 11:00:00;145.9580320263329;8.866951237999064;179.2471784617972;30.658293556980112
2009-07-30 12:00:00;139.0918686741422;6.748572025520515;181.6396267074603;32.142639861910965
2009-07-30 13:00:00;148.41630987086853;4.809727308297802;180.48312838917187;33.6777807293318
2009-07-30 14:00:00;164.14071789686645;3.4481650783729183;194.6992296826268;35.48702769037021
2009-07-30 15:00:00;166.35134407209736;2.5057899204221594;206.4019950016916;37.1963461037127
2009-07-30 16:00:00;164.70903271508107;2.569833053070094;205.95250301374415;37.170302184091554
2009-07-30 17:00:00;141.79373718000087;2.091751724247732;214.77090881597664;38.30957576706368
2009-07-30 18:00:00;103.93355888616358;2.808953480428302;204.18874564386775;37.12525878547427
2009-07-30 19:00:00;53.05501729515436;4.016801957653027;185.74726113420826;35.185784610615
2009-07-30 20:00:00;8.42469938408161;-0.6972330248741034;135.64060356750704;31.279395852424898
2009-07-30 21:00:00;0.0;-2.597784465553992;101.40862463720717;27.215975275699833
2009-07-30 22:00:00;0.0;-2.3459539685605977;87.28372746002617;25.300913355516542
2009-07-30 23:00:00;0.0;-2.0859279353607585;73.07194420011291;23.27875150520319
2009-07-31 00:00:00;0.0;-1.9234154563223762;64.0147224318029;21.735544807721254
2009-07-31 01:00:00;0.0;-1.9593178568707912;65.42529310019115;21.878492754053923
2009-07-31 02:00:00;0.0;-1.9154748408050426;64.12102551469945;21.462537969879435
2009-07-31 03:00:00;0.0;-1.7650949513819822;56.106770573218846;20.257559985944567
2009-07-31 04:00:00;0.0;-1.5393190185138708;44.704034455622015;18.2821390987626
2009-07-31 05:00:00;0.0;-1.4545708403233837;41.96360609754787;17.356148367839722
2009-07-31 06:00:00;0.6180625651929976;-1.199460079307963;44.55251419756638;16.844819216426316
2009-07-31 07:00:00;39.67356295722484;7.938677049842275;89.83298226138722;16.634432582131353
2009-07-31 08:00:00;130.07742586823215;14.32208281025634;118.34598674889553;21.194796522729064
2009-07-31 09:00:00;154.40120120271553;13.909507226569922;150.4931882112434;24.800137182059864
2009-07-31 10:00:00;154.34710657082127;11.056026525708566;175.15135098981958;28.584091237022164
2009-07-31 11:00:00;125.74014972599457;9.996019317723038;185.06288921887995;30.316623128338648
2009-07-31 12:00:00;144.94803254598202;8.196817813245442;182.81352361581398;30.65600155096996
2009-07-31 13:00:00;154.91936779998412;5.1316803465435985;184.98647778548468;33.383046651420216
2009-07-31 14:00:00;166.13308430820132;3.5724469226459084;193.94824350043555;35.259008233257504
2009-07-31 15:00:00;175.64652504364668;3.4941193456505473;195.77554299050314;35.42755353719227
2009-07-31 16:00:00;168.2027240300903;4.080648669361507;188.96159303865946;34.70122697859702
2009-07-31 17:00:00;146.13938286499956;4.308725179959127;188.38422283591814;34.556778856224696
2009-07-31 18:00:00;107.61763410903235;4.95624260449705;184.1555435549508;33.85824342511498
2009-07-31 19:00:00;55.74557478973055;7.830823161483952;179.38340641424975;31.57942889843477
2009-07-31 20:00:00;10.527752429694173;0.32159305721412257;92.54796503994447;27.72931561373133
2009-07-31 21:00:00;0.0;-2.0817028754377245;53.976287305707984;22.994465668247955
2009-07-31 22:00:00;0.0;-1.8954964120786497;44.87266516100925;21.440544889732394
2009-07-31 23:00:00;0.0;-1.752662082918739;35.94335426478514;20.23824553164056
2009-08-01 00:00:00;0.0;-1.6396964128389633;30.380722130321324;19.21613287174543
2009-08-01 01:00:00;0.0;-1.5953758000320726;30.671092446286284;18.768464465770393
2009-08-01 02:00:00;0.0;-1.6020763808603107;33.32104329116185;18.708448317292465
2009-08-01 03:00:00;0.0;-1.5147641815279127;31.508778886066032;17.879402653269267
2009-08-01 04:00:00;0.0;-1.4641684600738938;32.43905936468111;17.322964509586285
2009-08-01 05:00:00;0.0;-1.3723182205215543;29.85140217152046;16.441656672503456
2009-08-01 06:00:00;0.8115516600048149;-1.1208880984749816;37.921360386086036;16.62517108619616
2009-08-01 07:00:00;35.05111676110235;6.99296724046452;59.436724915274205;15.96545845662726
2009-08-01 08:00:00;120.46428126628042;13.713936942991385;104.11171548475639;20.61733700526608
2009-08-01 09:00:00;146.3931457648138;13.767098995382998;149.120557841855;24.927442370410233
2009-08-01 10:00:00;146.04874226774504;12.014677978283874;160.49212144846078;27.75480263171329
2009-08-01 11:00:00;137.55624820220203;9.79508449791763;162.44438535088116;29.76856725208532
2009-08-01 12:00:00;121.2370358450598;11.477171980966546;167.35578731043233;30.43261747997701
2009-08-01 13:00:00;145.1182268904876;11.042781600750724;158.29408068852138;30.028694197082814
2009-08-01 14:00:00;127.64501951959039;10.138950676788916;168.96558139245937;31.74336599301671
2009-08-01 15:00:00;160.63000423569198;10.338278766569637;161.08574246810284;30.950334566217208
2009-08-01 16:00:00;148.31542953419398;7.676581742384693;159.78417782809223;32.68263243992817
2009-08-01 17:00:00;104.13718188296036;11.755566183345262;162.89146506543304;30.725758838889504
2009-08-01 18:00:00;50.22517269961658;7.665806296299253;119.58678102718123;29.032162693552067
2009-08-01 19:00:00;31.0617952730495;5.246598265320827;83.36604300037139;25.896415897622973
2009-08-01 20:00:00;3.2312574943675023;-1.3066046236557076;60.46119283558542;24.730558646036258
2009-08-01 21:00:00;0.0;-2.1660272199521478;52.149455783838455;23.57590239417678
2009-08-01 22:00:00;0.0;-2.1379809713740334;50.13299553609887;23.36236365748445
2009-08-01 23:00:00;0.4192220192935377;-1.6516380372570054;37.70990996162546;20.450403738932323
