time;Rg;An;E;Tleaf
2012-08-01 00:00:00;0.0;-1.9610413157255868;4.838427242680418e-11;16.585504664333996
2012-08-01 01:00:00;0.0;-2.149771080482829;7.57200594242149e-11;17.841946907286825
2012-08-01 02:00:00;0.0;-2.271719385179753;6.399092027242734e-11;18.539845536165643
2012-08-01 03:00:00;0.0;-2.22166159840092;6.62884824738164e-11;18.178074972300948
2012-08-01 04:00:00;0.0;-2.06112326398853;3.7564612519311114e-11;17.088292826158437
2012-08-01 05:00:00;2.407302498589874;-1.1950926639391017;5.72185493333161;16.963247199527956
2012-08-01 06:00:00;48.420479810074056;12.153328094185184;157.11611291328174;18.93101242527328
2012-08-01 07:00:00;173.80940279702548;28.735164221349333;403.15421390669826;21.529732548106068
2012-08-01 08:00:00;164.59923499775158;29.54632832893006;397.6742476009303;23.515821211564145
2012-08-01 09:00:00;359.45238907360766;37.47515556335222;526.8145470944423;25.463565675291647
2012-08-01 10:00:00;460.49339495560645;34.81080633287659;528.7861090512934;28.004899244430504
2012-08-01 11:00:00;452.2988661648071;32.471257919405716;473.695573784338;27.35788947963917
2012-08-01 12:00:00;412.0103168234957;32.53328276055023;407.91608572155394;26.959224990976338
2012-08-01 13:00:00;435.1384689353439;29.004915600501974;388.57866735154533;27.8652874925248
2012-08-01 14:00:00;409.3956517982945;27.911890814645417;340.9180002443556;29.042275095313983
2012-08-01 15:00:00;369.1921723548465;26.32629841851904;300.26205867660065;29.277186718240216
2012-08-01 16:00:00;307.1205166004026;27.874440320196342;246.57918441131002;26.9328120508288
2012-08-01 17:00:00;226.58132646185908;27.618000526443545;205.86556430596292;25.405441870943946
2012-08-01 18:00:00;116.0130443830305;21.797370689151425;137.3279859055122;23.954311263818823
2012-08-01 19:00:00;25.180162419128827;4.600411485370058;44.7757044851404;22.2950479894628
2012-08-01 20:00:00;0.0;-2.849068873063265;1.391874201251627e-11;22.057041980772993
2012-08-01 21:00:00;0.0;-2.74208128880827;1.43360916355728e-11;21.493857487681055
2012-08-01 22:00:00;0.0;-2.574010864231228;8.812437010212043e-12;20.5931764931465
2012-08-01 23:00:00;0.0;-2.547512979169411;4.173033783816368e-12;20.444023871359718
2012-08-02 00:00:00;0.0;-2.3531205270796414;1.1118377606632413e-11;19.312566066841526
2012-08-02 01:00:00;0.0;-2.2609888706683536;1.2937379180156152e-11;18.637990253802087
2012-08-02 02:00:00;0.0;-2.1798933815679344;9.245210224037429e-12;18.051872284810997
2012-08-02 03:00:00;0.0;-2.2314830000242676;8.700115979412446e-12;18.352431931832058
2012-08-02 04:00:00;0.0;-2.1944383286376845;1.5093733444979887e-11;18.03325382721772
2012-08-02 05:00:00;2.9504025206872795;-1.1487337169968916;2.0982096850647762;17.900379799817358
2012-08-02 06:00:00;55.32935915972995;13.82980508060292;43.92698503836372;18.93792666483327
2012-08-02 07:00:00;179.86943594241134;26.769953856099697;222.3942446140128;22.4136897836363
2012-08-02 08:00:00;352.8294518745362;23.60267153534485;308.0370438225552;28.004094422906007
2012-08-02 09:00:00;421.91217382394706;20.5724373663148;276.71694503032023;29.399942698019117
2012-08-02 10:00:00;461.74050193131666;15.873156646415843;241.4545997196705;31.27713293267334
2012-08-02 11:00:00;448.87322479103045;12.808619429878686;203.94401219335305;32.0260218831917
2012-08-02 12:00:00;433.31665244722984;12.95303030351459;185.18642953636538;31.86896773018745
2012-08-02 13:00:00;420.53942913166424;11.42019168258824;164.3538625766321;32.06965257735334
2012-08-02 14:00:00;405.7591657260274;11.819463978683252;147.35986505555994;31.38516358144733
2012-08-02 15:00:00;369.1311044925361;12.587958950595045;148.34564968414278;30.839612568340527
2012-08-02 16:00:00;308.518112206191;14.086245936099601;168.3762015107988;29.75263278567681
2012-08-02 17:00:00;224.27836250460103;13.989547389677604;138.83936806341748;29.01333571520624
2012-08-02 18:00:00;116.79287147323215;11.086713056364875;95.69366200935976;27.60129901555041
2012-08-02 19:00:00;23.72046990949117;2.1981572675534267;26.318642644553336;26.17900318706276
2012-08-02 20:00:00;0.0;-3.6178575353784033;1.0063205759467587e-12;26.248981839859
2012-08-02 21:00:00;0.0;-3.871131129324014;1.4160183159547193e-12;27.50257868025858
2012-08-02 22:00:00;0.0;-3.796054964903017;1.2894598612672547e-12;27.127071733501708
2012-08-02 23:00:00;0.0;-2.935076892969922;6.288091156054356e-13;22.626985560686762
2012-08-03 00:00:00;0.0;-2.548331545016217;2.4114675496526664e-11;20.403800758676084
2012-08-03 01:00:00;0.0;-2.976938892161362;3.2083991696895166e-11;22.821350856893844
2012-08-03 02:00:00;0.0;-2.7102269455138512;2.2556800152742456e-11;21.370001298946022
2012-08-03 03:00:00;0.0;-2.700086440139559;2.037853239441151e-11;21.268071891469305
2012-08-03 04:00:00;0.0;-2.4628212056544556;2.041473839652187e-11;19.76637320410046
2012-08-03 05:00:00;2.0987749517386325;-1.5751579744711184;3.3126844712298595;19.074617887987984
2012-08-03 06:00:00;47.45987085055377;9.80339972254413;96.20136596639747;22.098960077327888
2012-08-03 07:00:00;196.15997167005503;16.415905328602697;155.25776316699208;25.86842245835902
2012-08-03 08:00:00;350.7515776243462;13.7331126351182;154.09196752885478;28.551946094328628
2012-08-03 09:00:00;423.4512096450159;10.883719468775706;141.11800104587888;30.457599930229293
2012-08-03 10:00:00;450.35226100330385;8.372104455363463;118.86506701976485;31.916210167213052
2012-08-03 11:00:00;398.716878534707;7.208857207133796;105.16563696743742;32.142513567447054
2012-08-03 12:00:00;434.976921185832;4.695382859694073;81.03328991347342;34.08964663293048
2012-08-03 13:00:00;420.71680698583816;7.379327874629332;107.37728144818703;32.353212831633044
2012-08-03 14:00:00;405.9393586313902;7.343770366114119;105.64221152596038;32.50991383953817
2012-08-03 15:00:00;332.133950847027;12.60914573961698;158.37003200726681;31.153080798054248
2012-08-03 16:00:00;288.55518191051004;12.931163087965908;156.7342925900214;31.133325323739655
2012-08-03 17:00:00;195.21904550658593;12.94084280306834;151.74200000776943;30.065505462381793
2012-08-03 18:00:00;135.96494665422188;9.516242615536367;138.3977660829626;32.32840815597214
2012-08-03 19:00:00;25.530848305437317;1.5586308561289444;31.158165984079123;29.939710535504616
2012-08-03 20:00:00;0.0;-3.742487737679368;2.8922773555121107e-13;27.15988969206026
2012-08-03 21:00:00;0.0;-3.721192218232669;3.2305447905466915e-13;27.04025655410109
2012-08-03 22:00:00;0.0;-3.4997687646801827;2.487010880689029e-13;25.834469836018343
2012-08-03 23:00:00;0.0;-3.2238380847482295;1.9661205744589638e-13;24.377587858052777
2012-08-04 00:00:00;0.0;-2.8733971111219203;1.9064007967479288e-13;22.480625053803237
2012-08-04 01:00:00;0.0;-2.797226045356532;1.1491994584860166e-13;21.994427453781555
2012-08-04 02:00:00;0.0;-2.5686006000968025;1.0921891179145491e-13;20.61348576574113
2012-08-04 03:00:00;0.0;-2.639435074162891;1.2095844141832187e-13;20.98315714574258
2012-08-04 04:00:00;0.0;-2.5513230265890643;1.1854668491771877e-13;20.412912571206988
2012-08-04 05:00:00;1.7179804289087421;-1.7274464941327434;0.0004933059543126618;19.698351859699358
2012-08-04 06:00:00;46.6836202597852;6.214098671763068;34.1863264511367;21.880305036015443
2012-08-04 07:00:00;186.50629072812913;11.900273772447068;103.21858966694802;26.124372472927348
2012-08-04 08:00:00;345.9835045395318;12.085555268664327;138.8382563247536;29.278561038659916
2012-08-04 09:00:00;429.3329666125881;10.56011280668656;133.88967258747363;30.31193317075332
2012-08-04 10:00:00;433.8967093487635;9.620678216420497;130.89763530589912;30.82749683715906
2012-08-04 11:00:00;441.06119490102503;6.518754602008622;97.48031470734254;32.99672267107468
2012-08-04 12:00:00;429.02182111225494;6.466714286608099;96.20686003629892;33.073598604780756
2012-08-04 13:00:00;416.3817097288524;9.064965030830242;125.21045890250251;31.697133622431124
2012-08-04 14:00:00;404.16338888636915;9.838539343240711;132.96124311451698;31.594393716576036
2012-08-04 15:00:00;364.2319753153265;12.499581606968203;157.08604831254473;30.82220940455531
2012-08-04 16:00:00;302.7428799180832;14.227148115387152;157.80174170779833;29.813443676175922
2012-08-04 17:00:00;218.04710903102853;13.705710643816662;147.54820905952536;29.035267180039426
2012-08-04 18:00:00;94.5498357159935;9.755507584776826;82.70199526389729;27.063335704733902
2012-08-04 19:00:00;5.701296090454965;-1.2625307308314886;1.1874474758067397;25.171696533325644
2012-08-04 20:00:00;0.0;-3.230759584296819;2.0380903897158053e-13;24.396390397320914
2012-08-04 21:00:00;0.0;-3.0754671328275687;1.2914107059533022e-13;23.52513820577039
2012-08-04 22:00:00;0.0;-2.9173295658332363;1.1933287526554906e-13;22.635003823152772
2012-08-04 23:00:00;0.0;-2.6596562816649048;9.777242748438715e-14;21.128845497807504
